<?xml version="1.0" encoding="UTF-8"?>
<testng-results ignored="0" total="12" passed="9" failed="3" skipped="0">
  <reporter-output>
  </reporter-output>
  <suite started-at="2026-07-12T16:39:38 IST" name="Suite" finished-at="2026-07-12T16:49:19 IST" duration-ms="580970">
    <groups>
    </groups>
    <test started-at="2026-07-12T16:39:38 IST" name="Test" finished-at="2026-07-12T16:49:19 IST" duration-ms="580970">
      <class name="Tests.AllTests">
        <test-method is-config="true" signature="setup(org.testng.ITestResult)[pri:0, instance:Tests.AllTests@169e6180]" started-at="2026-07-12T16:39:39 IST" name="setup" finished-at="2026-07-12T16:40:25 IST" duration-ms="45728" status="PASS">
          <params>
            <param index="0">
              <value>
                <![CDATA[[TestResult name={null} status=CREATED method=AllTests.OHRM001Test(models.LoginData)[pri:0, instance:Tests.AllTests@169e6180] output={null}]]]>
              </value>
            </param>
          </params>
          <reporter-output>
          </reporter-output>
        </test-method> <!-- setup -->
        <test-method signature="OHRM001Test(models.LoginData)[pri:0, instance:Tests.AllTests@169e6180]" started-at="2026-07-12T16:40:25 IST" name="OHRM001Test" data-provider="validLogin" finished-at="2026-07-12T16:40:38 IST" duration-ms="12719" status="PASS">
          <params>
            <param index="0">
              <value>
                <![CDATA[models.LoginData@3733b1f4]]>
              </value>
            </param>
          </params>
          <reporter-output>
          </reporter-output>
        </test-method> <!-- OHRM001Test -->
        <test-method is-config="true" signature="tearDown()[pri:0, instance:Tests.AllTests@169e6180]" started-at="2026-07-12T16:40:38 IST" name="tearDown" finished-at="2026-07-12T16:40:39 IST" duration-ms="300" status="PASS">
          <reporter-output>
          </reporter-output>
        </test-method> <!-- tearDown -->
        <test-method is-config="true" signature="setup(org.testng.ITestResult)[pri:0, instance:Tests.AllTests@169e6180]" started-at="2026-07-12T16:40:39 IST" name="setup" finished-at="2026-07-12T16:41:26 IST" duration-ms="47518" status="PASS">
          <params>
            <param index="0">
              <value>
                <![CDATA[[TestResult name={null} status=CREATED method=AllTests.OHRM002Test(models.LoginData)[pri:0, instance:Tests.AllTests@169e6180] output={null}]]]>
              </value>
            </param>
          </params>
          <reporter-output>
          </reporter-output>
        </test-method> <!-- setup -->
        <test-method signature="OHRM002Test(models.LoginData)[pri:0, instance:Tests.AllTests@169e6180]" started-at="2026-07-12T16:41:26 IST" name="OHRM002Test" data-provider="invalidLogin" finished-at="2026-07-12T16:41:37 IST" duration-ms="11280" status="PASS">
          <params>
            <param index="0">
              <value>
                <![CDATA[models.LoginData@7cc842b0]]>
              </value>
            </param>
          </params>
          <reporter-output>
          </reporter-output>
        </test-method> <!-- OHRM002Test -->
        <test-method is-config="true" signature="tearDown()[pri:0, instance:Tests.AllTests@169e6180]" started-at="2026-07-12T16:41:38 IST" name="tearDown" finished-at="2026-07-12T16:41:38 IST" duration-ms="429" status="PASS">
          <reporter-output>
          </reporter-output>
        </test-method> <!-- tearDown -->
        <test-method is-config="true" signature="setup(org.testng.ITestResult)[pri:0, instance:Tests.AllTests@169e6180]" started-at="2026-07-12T16:41:38 IST" name="setup" finished-at="2026-07-12T16:42:24 IST" duration-ms="45955" status="PASS">
          <params>
            <param index="0">
              <value>
                <![CDATA[[TestResult name={null} status=CREATED method=AllTests.OHRM003Test(models.ForgotPasswordData)[pri:0, instance:Tests.AllTests@169e6180] output={null}]]]>
              </value>
            </param>
          </params>
          <reporter-output>
          </reporter-output>
        </test-method> <!-- setup -->
        <test-method signature="OHRM003Test(models.ForgotPasswordData)[pri:0, instance:Tests.AllTests@169e6180]" started-at="2026-07-12T16:42:24 IST" name="OHRM003Test" data-provider="forgotPassword" finished-at="2026-07-12T16:43:56 IST" duration-ms="92199" status="FAIL">
          <params>
            <param index="0">
              <value>
                <![CDATA[models.ForgotPasswordData@6c056020]]>
              </value>
            </param>
          </params>
          <exception class="org.openqa.selenium.TimeoutException">
            <message>
              <![CDATA[Expected condition failed: waiting for visibility of Proxy element for: DefaultElementLocator 'By.xpath: //h6[normalize-space()='Reset Password link sent successfully']' (tried for 10 second(s) with 500 milliseconds interval)]]>
            </message>
            <full-stacktrace>
              <![CDATA[org.openqa.selenium.TimeoutException: Expected condition failed: waiting for visibility of Proxy element for: DefaultElementLocator 'By.xpath: //h6[normalize-space()='Reset Password link sent successfully']' (tried for 10 second(s) with 500 milliseconds interval)
at org.openqa.selenium.support.ui.WebDriverWait.timeoutException(WebDriverWait.java:84)
at org.openqa.selenium.support.ui.FluentWait.until(FluentWait.java:228)
at Tests.AllTests.OHRM003Test(AllTests.java:82)
at java.base/jdk.internal.reflect.DirectMethodHandleAccessor.invoke(DirectMethodHandleAccessor.java:104)
at java.base/java.lang.reflect.Method.invoke(Method.java:565)
at org.testng.internal.invokers.MethodInvocationHelper.invokeMethod(MethodInvocationHelper.java:141)
at org.testng.internal.invokers.TestInvoker.invokeMethod(TestInvoker.java:686)
at org.testng.internal.invokers.TestInvoker.invokeTestMethod(TestInvoker.java:230)
at org.testng.internal.invokers.MethodRunner.runInSequence(MethodRunner.java:63)
at org.testng.internal.invokers.TestInvoker$MethodInvocationAgent.invoke(TestInvoker.java:992)
at org.testng.internal.invokers.TestInvoker.invokeTestMethods(TestInvoker.java:203)
at org.testng.internal.invokers.TestMethodWorker.invokeTestMethods(TestMethodWorker.java:154)
at org.testng.internal.invokers.TestMethodWorker.run(TestMethodWorker.java:134)
at java.base/java.util.ArrayList.forEach(ArrayList.java:1604)
at org.testng.TestRunner.privateRun(TestRunner.java:739)
at org.testng.TestRunner.run(TestRunner.java:614)
at org.testng.SuiteRunner.runTest(SuiteRunner.java:421)
at org.testng.SuiteRunner.runSequentially(SuiteRunner.java:413)
at org.testng.SuiteRunner.privateRun(SuiteRunner.java:373)
at org.testng.SuiteRunner.run(SuiteRunner.java:312)
at org.testng.SuiteRunnerWorker.runSuite(SuiteRunnerWorker.java:52)
at org.testng.SuiteRunnerWorker.run(SuiteRunnerWorker.java:95)
at org.testng.TestNG.runSuitesSequentially(TestNG.java:1274)
at org.testng.TestNG.runSuitesLocally(TestNG.java:1208)
at org.testng.TestNG.runSuites(TestNG.java:1112)
at org.testng.TestNG.run(TestNG.java:1079)
at org.testng.TestNG.privateMain(TestNG.java:1430)
at org.testng.TestNG.main(TestNG.java:1394)
Caused by: org.openqa.selenium.NoSuchElementException: no such element: Unable to locate element: {"method":"xpath","selector":"//h6[normalize-space()='Reset Password link sent successfully']"}
  (Session info: chrome=150.0.7871.115)
For documentation on this error, please visit: https://www.selenium.dev/documentation/webdriver/troubleshooting/errors#no-such-element-exception
Build info: version: '4.26.0', revision: '8ccf0219d7'
System info: os.name: 'Windows 11', os.arch: 'amd64', os.version: '10.0', java.version: '24.0.1'
Driver info: org.openqa.selenium.chrome.ChromeDriver
Command: [e4204b967dda6e34524187b1a3dbef2f, findElement {value=//h6[normalize-space()='Reset Password link sent successfully'], using=xpath}]
Capabilities {acceptInsecureCerts: false, browserName: chrome, browserVersion: 150.0.7871.115, chrome: {chromedriverVersion: 150.0.7871.115 (25f5b661e5b..., userDataDir: C:\Users\Ankit\AppData\Loca...}, fedcm:accounts: true, goog:chromeOptions: {debuggerAddress: localhost:52011}, goog:processID: 14964, networkConnectionEnabled: false, pageLoadStrategy: normal, platformName: windows, proxy: Proxy(), se:cdp: ws://localhost:52011/devtoo..., se:cdpVersion: 150.0.7871.115, setWindowRect: true, strictFileInteractability: false, timeouts: {implicit: 0, pageLoad: 300000, script: 30000}, unhandledPromptBehavior: dismiss and notify, webauthn:extension:credBlob: true, webauthn:extension:largeBlob: true, webauthn:extension:minPinLength: true, webauthn:extension:prf: true, webauthn:virtualAuthenticators: true}
Session ID: e4204b967dda6e34524187b1a3dbef2f
at java.base/jdk.internal.reflect.DirectConstructorHandleAccessor.newInstance(DirectConstructorHandleAccessor.java:62)
at java.base/java.lang.reflect.Constructor.newInstanceWithCaller(Constructor.java:499)
at java.base/java.lang.reflect.Constructor.newInstance(Constructor.java:483)
at org.openqa.selenium.remote.ErrorCodec.decode(ErrorCodec.java:167)
at org.openqa.selenium.remote.codec.w3c.W3CHttpResponseCodec.decode(W3CHttpResponseCodec.java:138)
at org.openqa.selenium.remote.codec.w3c.W3CHttpResponseCodec.decode(W3CHttpResponseCodec.java:50)
at org.openqa.selenium.remote.HttpCommandExecutor.execute(HttpCommandExecutor.java:190)
at org.openqa.selenium.remote.service.DriverCommandExecutor.invokeExecute(DriverCommandExecutor.java:216)
at org.openqa.selenium.remote.service.DriverCommandExecutor.execute(DriverCommandExecutor.java:174)
at org.openqa.selenium.remote.RemoteWebDriver.execute(RemoteWebDriver.java:545)
at org.openqa.selenium.remote.ElementLocation$ElementFinder$2.findElement(ElementLocation.java:165)
at org.openqa.selenium.remote.ElementLocation.findElement(ElementLocation.java:59)
at org.openqa.selenium.remote.RemoteWebDriver.findElement(RemoteWebDriver.java:368)
at org.openqa.selenium.remote.RemoteWebDriver.findElement(RemoteWebDriver.java:362)
at org.openqa.selenium.support.pagefactory.DefaultElementLocator.findElement(DefaultElementLocator.java:68)
at org.openqa.selenium.support.pagefactory.internal.LocatingElementHandler.invoke(LocatingElementHandler.java:38)
at jdk.proxy2/jdk.proxy2.$Proxy17.isDisplayed(Unknown Source)
at org.openqa.selenium.support.ui.ExpectedConditions.elementIfVisible(ExpectedConditions.java:304)
at org.openqa.selenium.support.ui.ExpectedConditions$10.apply(ExpectedConditions.java:290)
at org.openqa.selenium.support.ui.ExpectedConditions$10.apply(ExpectedConditions.java:287)
at org.openqa.selenium.support.ui.FluentWait.until(FluentWait.java:203)
... 26 more
]]>
            </full-stacktrace>
          </exception> <!-- org.openqa.selenium.TimeoutException -->
          <reporter-output>
          </reporter-output>
        </test-method> <!-- OHRM003Test -->
        <test-method is-config="true" signature="tearDown()[pri:0, instance:Tests.AllTests@169e6180]" started-at="2026-07-12T16:43:56 IST" name="tearDown" finished-at="2026-07-12T16:43:57 IST" duration-ms="391" status="PASS">
          <reporter-output>
          </reporter-output>
        </test-method> <!-- tearDown -->
        <test-method is-config="true" signature="setup(org.testng.ITestResult)[pri:0, instance:Tests.AllTests@169e6180]" started-at="2026-07-12T16:43:57 IST" name="setup" finished-at="2026-07-12T16:44:44 IST" duration-ms="46945" status="PASS">
          <params>
            <param index="0">
              <value>
                <![CDATA[[TestResult name={null} status=CREATED method=AllTests.OHRM004Test(models.AdminUserData)[pri:0, instance:Tests.AllTests@169e6180] output={null}]]]>
              </value>
            </param>
          </params>
          <reporter-output>
          </reporter-output>
        </test-method> <!-- setup -->
        <test-method signature="OHRM004Test(models.AdminUserData)[pri:0, instance:Tests.AllTests@169e6180]" started-at="2026-07-12T16:44:44 IST" name="OHRM004Test" data-provider="addUser" finished-at="2026-07-12T16:44:56 IST" duration-ms="11724" status="PASS">
          <params>
            <param index="0">
              <value>
                <![CDATA[models.AdminUserData@53dd29e0]]>
              </value>
            </param>
          </params>
          <reporter-output>
          </reporter-output>
        </test-method> <!-- OHRM004Test -->
        <test-method is-config="true" signature="tearDown()[pri:0, instance:Tests.AllTests@169e6180]" started-at="2026-07-12T16:44:56 IST" name="tearDown" finished-at="2026-07-12T16:44:56 IST" duration-ms="252" status="PASS">
          <reporter-output>
          </reporter-output>
        </test-method> <!-- tearDown -->
        <test-method is-config="true" signature="setup(org.testng.ITestResult)[pri:0, instance:Tests.AllTests@169e6180]" started-at="2026-07-12T16:44:56 IST" name="setup" finished-at="2026-07-12T16:45:13 IST" duration-ms="16591" status="PASS">
          <params>
            <param index="0">
              <value>
                <![CDATA[[TestResult name={null} status=CREATED method=AllTests.OHRM005Test()[pri:0, instance:Tests.AllTests@169e6180] output={null}]]]>
              </value>
            </param>
          </params>
          <reporter-output>
          </reporter-output>
        </test-method> <!-- setup -->
        <test-method signature="OHRM005Test()[pri:0, instance:Tests.AllTests@169e6180]" started-at="2026-07-12T16:45:13 IST" name="OHRM005Test" finished-at="2026-07-12T16:45:24 IST" duration-ms="11176" status="FAIL">
          <exception class="org.openqa.selenium.StaleElementReferenceException">
            <message>
              <![CDATA[stale element reference: stale element not found in the current frame
  (Session info: chrome=150.0.7871.115)
For documentation on this error, please visit: https://www.selenium.dev/documentation/webdriver/troubleshooting/errors#stale-element-reference-exception
Build info: version: '4.26.0', revision: '8ccf0219d7'
System info: os.name: 'Windows 11', os.arch: 'amd64', os.version: '10.0', java.version: '24.0.1'
Driver info: org.openqa.selenium.chrome.ChromeDriver
Command: [93c9ba2e36b6e83e805cd2ebc7b39e5d, clickElement {id=f.7847D4242EC7E57792885A8EE8431C9E.d.935F1319C7454E87E3F8084E4D4EBB5E.e.95}]
Capabilities {acceptInsecureCerts: false, browserName: chrome, browserVersion: 150.0.7871.115, chrome: {chromedriverVersion: 150.0.7871.115 (25f5b661e5b..., userDataDir: C:\Users\Ankit\AppData\Loca...}, fedcm:accounts: true, goog:chromeOptions: {debuggerAddress: localhost:57553}, goog:processID: 24880, networkConnectionEnabled: false, pageLoadStrategy: normal, platformName: windows, proxy: Proxy(), se:cdp: ws://localhost:57553/devtoo..., se:cdpVersion: 150.0.7871.115, setWindowRect: true, strictFileInteractability: false, timeouts: {implicit: 0, pageLoad: 300000, script: 30000}, unhandledPromptBehavior: dismiss and notify, webauthn:extension:credBlob: true, webauthn:extension:largeBlob: true, webauthn:extension:minPinLength: true, webauthn:extension:prf: true, webauthn:virtualAuthenticators: true}
Element: [[ChromeDriver: chrome on windows (93c9ba2e36b6e83e805cd2ebc7b39e5d)] -> xpath: //i[@class='oxd-icon bi-caret-down-fill oxd-select-text--arrow']]
Session ID: 93c9ba2e36b6e83e805cd2ebc7b39e5d]]>
            </message>
            <full-stacktrace>
              <![CDATA[org.openqa.selenium.StaleElementReferenceException: stale element reference: stale element not found in the current frame
  (Session info: chrome=150.0.7871.115)
For documentation on this error, please visit: https://www.selenium.dev/documentation/webdriver/troubleshooting/errors#stale-element-reference-exception
Build info: version: '4.26.0', revision: '8ccf0219d7'
System info: os.name: 'Windows 11', os.arch: 'amd64', os.version: '10.0', java.version: '24.0.1'
Driver info: org.openqa.selenium.chrome.ChromeDriver
Command: [93c9ba2e36b6e83e805cd2ebc7b39e5d, clickElement {id=f.7847D4242EC7E57792885A8EE8431C9E.d.935F1319C7454E87E3F8084E4D4EBB5E.e.95}]
Capabilities {acceptInsecureCerts: false, browserName: chrome, browserVersion: 150.0.7871.115, chrome: {chromedriverVersion: 150.0.7871.115 (25f5b661e5b..., userDataDir: C:\Users\Ankit\AppData\Loca...}, fedcm:accounts: true, goog:chromeOptions: {debuggerAddress: localhost:57553}, goog:processID: 24880, networkConnectionEnabled: false, pageLoadStrategy: normal, platformName: windows, proxy: Proxy(), se:cdp: ws://localhost:57553/devtoo..., se:cdpVersion: 150.0.7871.115, setWindowRect: true, strictFileInteractability: false, timeouts: {implicit: 0, pageLoad: 300000, script: 30000}, unhandledPromptBehavior: dismiss and notify, webauthn:extension:credBlob: true, webauthn:extension:largeBlob: true, webauthn:extension:minPinLength: true, webauthn:extension:prf: true, webauthn:virtualAuthenticators: true}
Element: [[ChromeDriver: chrome on windows (93c9ba2e36b6e83e805cd2ebc7b39e5d)] -> xpath: //i[@class='oxd-icon bi-caret-down-fill oxd-select-text--arrow']]
Session ID: 93c9ba2e36b6e83e805cd2ebc7b39e5d
at java.base/jdk.internal.reflect.DirectConstructorHandleAccessor.newInstance(DirectConstructorHandleAccessor.java:62)
at java.base/java.lang.reflect.Constructor.newInstanceWithCaller(Constructor.java:499)
at java.base/java.lang.reflect.Constructor.newInstance(Constructor.java:483)
at org.openqa.selenium.remote.ErrorCodec.decode(ErrorCodec.java:167)
at org.openqa.selenium.remote.codec.w3c.W3CHttpResponseCodec.decode(W3CHttpResponseCodec.java:138)
at org.openqa.selenium.remote.codec.w3c.W3CHttpResponseCodec.decode(W3CHttpResponseCodec.java:50)
at org.openqa.selenium.remote.HttpCommandExecutor.execute(HttpCommandExecutor.java:190)
at org.openqa.selenium.remote.service.DriverCommandExecutor.invokeExecute(DriverCommandExecutor.java:216)
at org.openqa.selenium.remote.service.DriverCommandExecutor.execute(DriverCommandExecutor.java:174)
at org.openqa.selenium.remote.RemoteWebDriver.execute(RemoteWebDriver.java:545)
at org.openqa.selenium.remote.RemoteWebElement.execute(RemoteWebElement.java:223)
at org.openqa.selenium.remote.RemoteWebElement.click(RemoteWebElement.java:76)
at java.base/jdk.internal.reflect.DirectMethodHandleAccessor.invoke(DirectMethodHandleAccessor.java:104)
at java.base/java.lang.reflect.Method.invoke(Method.java:565)
at org.openqa.selenium.support.pagefactory.internal.LocatingElementHandler.invoke(LocatingElementHandler.java:51)
at jdk.proxy2/jdk.proxy2.$Proxy17.click(Unknown Source)
at Tests.AllTests.OHRM005Test(AllTests.java:116)
at java.base/jdk.internal.reflect.DirectMethodHandleAccessor.invoke(DirectMethodHandleAccessor.java:104)
at java.base/java.lang.reflect.Method.invoke(Method.java:565)
at org.testng.internal.invokers.MethodInvocationHelper.invokeMethod(MethodInvocationHelper.java:141)
at org.testng.internal.invokers.TestInvoker.invokeMethod(TestInvoker.java:686)
at org.testng.internal.invokers.TestInvoker.invokeTestMethod(TestInvoker.java:230)
at org.testng.internal.invokers.MethodRunner.runInSequence(MethodRunner.java:63)
at org.testng.internal.invokers.TestInvoker$MethodInvocationAgent.invoke(TestInvoker.java:992)
at org.testng.internal.invokers.TestInvoker.invokeTestMethods(TestInvoker.java:203)
at org.testng.internal.invokers.TestMethodWorker.invokeTestMethods(TestMethodWorker.java:154)
at org.testng.internal.invokers.TestMethodWorker.run(TestMethodWorker.java:134)
at java.base/java.util.ArrayList.forEach(ArrayList.java:1604)
at org.testng.TestRunner.privateRun(TestRunner.java:739)
at org.testng.TestRunner.run(TestRunner.java:614)
at org.testng.SuiteRunner.runTest(SuiteRunner.java:421)
at org.testng.SuiteRunner.runSequentially(SuiteRunner.java:413)
at org.testng.SuiteRunner.privateRun(SuiteRunner.java:373)
at org.testng.SuiteRunner.run(SuiteRunner.java:312)
at org.testng.SuiteRunnerWorker.runSuite(SuiteRunnerWorker.java:52)
at org.testng.SuiteRunnerWorker.run(SuiteRunnerWorker.java:95)
at org.testng.TestNG.runSuitesSequentially(TestNG.java:1274)
at org.testng.TestNG.runSuitesLocally(TestNG.java:1208)
at org.testng.TestNG.runSuites(TestNG.java:1112)
at org.testng.TestNG.run(TestNG.java:1079)
at org.testng.TestNG.privateMain(TestNG.java:1430)
at org.testng.TestNG.main(TestNG.java:1394)
]]>
            </full-stacktrace>
          </exception> <!-- org.openqa.selenium.StaleElementReferenceException -->
          <reporter-output>
          </reporter-output>
        </test-method> <!-- OHRM005Test -->
        <test-method is-config="true" signature="tearDown()[pri:0, instance:Tests.AllTests@169e6180]" started-at="2026-07-12T16:45:24 IST" name="tearDown" finished-at="2026-07-12T16:45:24 IST" duration-ms="294" status="PASS">
          <reporter-output>
          </reporter-output>
        </test-method> <!-- tearDown -->
        <test-method is-config="true" signature="setup(org.testng.ITestResult)[pri:0, instance:Tests.AllTests@169e6180]" started-at="2026-07-12T16:45:24 IST" name="setup" finished-at="2026-07-12T16:45:52 IST" duration-ms="28037" status="PASS">
          <params>
            <param index="0">
              <value>
                <![CDATA[[TestResult name={null} status=CREATED method=AllTests.OHRM006Test()[pri:0, instance:Tests.AllTests@169e6180] output={null}]]]>
              </value>
            </param>
          </params>
          <reporter-output>
          </reporter-output>
        </test-method> <!-- setup -->
        <test-method signature="OHRM006Test()[pri:0, instance:Tests.AllTests@169e6180]" started-at="2026-07-12T16:45:52 IST" name="OHRM006Test" finished-at="2026-07-12T16:46:06 IST" duration-ms="13711" status="PASS">
          <reporter-output>
          </reporter-output>
        </test-method> <!-- OHRM006Test -->
        <test-method is-config="true" signature="tearDown()[pri:0, instance:Tests.AllTests@169e6180]" started-at="2026-07-12T16:46:06 IST" name="tearDown" finished-at="2026-07-12T16:46:07 IST" duration-ms="383" status="PASS">
          <reporter-output>
          </reporter-output>
        </test-method> <!-- tearDown -->
        <test-method is-config="true" signature="setup(org.testng.ITestResult)[pri:0, instance:Tests.AllTests@169e6180]" started-at="2026-07-12T16:46:07 IST" name="setup" finished-at="2026-07-12T16:46:45 IST" duration-ms="38250" status="PASS">
          <params>
            <param index="0">
              <value>
                <![CDATA[[TestResult name={null} status=CREATED method=AllTests.OHRM007Test()[pri:0, instance:Tests.AllTests@169e6180] output={null}]]]>
              </value>
            </param>
          </params>
          <reporter-output>
          </reporter-output>
        </test-method> <!-- setup -->
        <test-method signature="OHRM007Test()[pri:0, instance:Tests.AllTests@169e6180]" started-at="2026-07-12T16:46:45 IST" name="OHRM007Test" finished-at="2026-07-12T16:46:54 IST" duration-ms="9092" status="PASS">
          <reporter-output>
          </reporter-output>
        </test-method> <!-- OHRM007Test -->
        <test-method is-config="true" signature="tearDown()[pri:0, instance:Tests.AllTests@169e6180]" started-at="2026-07-12T16:46:54 IST" name="tearDown" finished-at="2026-07-12T16:46:55 IST" duration-ms="396" status="PASS">
          <reporter-output>
          </reporter-output>
        </test-method> <!-- tearDown -->
        <test-method is-config="true" signature="setup(org.testng.ITestResult)[pri:0, instance:Tests.AllTests@169e6180]" started-at="2026-07-12T16:46:55 IST" name="setup" finished-at="2026-07-12T16:47:19 IST" duration-ms="24553" status="PASS">
          <params>
            <param index="0">
              <value>
                <![CDATA[[TestResult name={null} status=CREATED method=AllTests.OHRM008Test()[pri:0, instance:Tests.AllTests@169e6180] output={null}]]]>
              </value>
            </param>
          </params>
          <reporter-output>
          </reporter-output>
        </test-method> <!-- setup -->
        <test-method signature="OHRM008Test()[pri:0, instance:Tests.AllTests@169e6180]" started-at="2026-07-12T16:47:19 IST" name="OHRM008Test" finished-at="2026-07-12T16:47:33 IST" duration-ms="14079" status="PASS">
          <reporter-output>
          </reporter-output>
        </test-method> <!-- OHRM008Test -->
        <test-method is-config="true" signature="tearDown()[pri:0, instance:Tests.AllTests@169e6180]" started-at="2026-07-12T16:47:33 IST" name="tearDown" finished-at="2026-07-12T16:47:34 IST" duration-ms="328" status="PASS">
          <reporter-output>
          </reporter-output>
        </test-method> <!-- tearDown -->
        <test-method is-config="true" signature="setup(org.testng.ITestResult)[pri:0, instance:Tests.AllTests@169e6180]" started-at="2026-07-12T16:47:34 IST" name="setup" finished-at="2026-07-12T16:47:47 IST" duration-ms="13280" status="PASS">
          <params>
            <param index="0">
              <value>
                <![CDATA[[TestResult name={null} status=CREATED method=AllTests.OHRM009Test()[pri:0, instance:Tests.AllTests@169e6180] output={null}]]]>
              </value>
            </param>
          </params>
          <reporter-output>
          </reporter-output>
        </test-method> <!-- setup -->
        <test-method signature="OHRM009Test()[pri:0, instance:Tests.AllTests@169e6180]" started-at="2026-07-12T16:47:47 IST" name="OHRM009Test" finished-at="2026-07-12T16:47:57 IST" duration-ms="10009" status="PASS">
          <reporter-output>
          </reporter-output>
        </test-method> <!-- OHRM009Test -->
        <test-method is-config="true" signature="tearDown()[pri:0, instance:Tests.AllTests@169e6180]" started-at="2026-07-12T16:47:57 IST" name="tearDown" finished-at="2026-07-12T16:47:58 IST" duration-ms="341" status="PASS">
          <reporter-output>
          </reporter-output>
        </test-method> <!-- tearDown -->
        <test-method is-config="true" signature="setup(org.testng.ITestResult)[pri:0, instance:Tests.AllTests@169e6180]" started-at="2026-07-12T16:47:58 IST" name="setup" finished-at="2026-07-12T16:48:08 IST" duration-ms="10005" status="PASS">
          <params>
            <param index="0">
              <value>
                <![CDATA[[TestResult name={null} status=CREATED method=AllTests.OHRM010Test()[pri:0, instance:Tests.AllTests@169e6180] output={null}]]]>
              </value>
            </param>
          </params>
          <reporter-output>
          </reporter-output>
        </test-method> <!-- setup -->
        <test-method signature="OHRM010Test()[pri:0, instance:Tests.AllTests@169e6180]" started-at="2026-07-12T16:48:08 IST" name="OHRM010Test" finished-at="2026-07-12T16:48:24 IST" duration-ms="16467" status="FAIL">
          <exception class="org.openqa.selenium.NoSuchElementException">
            <message>
              <![CDATA[no such element: Unable to locate element: {"method":"xpath","selector":"(//div[@role='dialog']//form[@class='oxd-form']//button[1])[3]"}
  (Session info: chrome=150.0.7871.115)
For documentation on this error, please visit: https://www.selenium.dev/documentation/webdriver/troubleshooting/errors#no-such-element-exception
Build info: version: '4.26.0', revision: '8ccf0219d7'
System info: os.name: 'Windows 11', os.arch: 'amd64', os.version: '10.0', java.version: '24.0.1'
Driver info: org.openqa.selenium.chrome.ChromeDriver
Command: [0e6b88a80b130be11a8ec5ff01e5b4ee, findElement {value=(//div[@role='dialog']//form[@class='oxd-form']//button[1])[3], using=xpath}]
Capabilities {acceptInsecureCerts: false, browserName: chrome, browserVersion: 150.0.7871.115, chrome: {chromedriverVersion: 150.0.7871.115 (25f5b661e5b..., userDataDir: C:\Users\Ankit\AppData\Loca...}, fedcm:accounts: true, goog:chromeOptions: {debuggerAddress: localhost:62558}, goog:processID: 17100, networkConnectionEnabled: false, pageLoadStrategy: normal, platformName: windows, proxy: Proxy(), se:cdp: ws://localhost:62558/devtoo..., se:cdpVersion: 150.0.7871.115, setWindowRect: true, strictFileInteractability: false, timeouts: {implicit: 0, pageLoad: 300000, script: 30000}, unhandledPromptBehavior: dismiss and notify, webauthn:extension:credBlob: true, webauthn:extension:largeBlob: true, webauthn:extension:minPinLength: true, webauthn:extension:prf: true, webauthn:virtualAuthenticators: true}
Session ID: 0e6b88a80b130be11a8ec5ff01e5b4ee]]>
            </message>
            <full-stacktrace>
              <![CDATA[org.openqa.selenium.NoSuchElementException: no such element: Unable to locate element: {"method":"xpath","selector":"(//div[@role='dialog']//form[@class='oxd-form']//button[1])[3]"}
  (Session info: chrome=150.0.7871.115)
For documentation on this error, please visit: https://www.selenium.dev/documentation/webdriver/troubleshooting/errors#no-such-element-exception
Build info: version: '4.26.0', revision: '8ccf0219d7'
System info: os.name: 'Windows 11', os.arch: 'amd64', os.version: '10.0', java.version: '24.0.1'
Driver info: org.openqa.selenium.chrome.ChromeDriver
Command: [0e6b88a80b130be11a8ec5ff01e5b4ee, findElement {value=(//div[@role='dialog']//form[@class='oxd-form']//button[1])[3], using=xpath}]
Capabilities {acceptInsecureCerts: false, browserName: chrome, browserVersion: 150.0.7871.115, chrome: {chromedriverVersion: 150.0.7871.115 (25f5b661e5b..., userDataDir: C:\Users\Ankit\AppData\Loca...}, fedcm:accounts: true, goog:chromeOptions: {debuggerAddress: localhost:62558}, goog:processID: 17100, networkConnectionEnabled: false, pageLoadStrategy: normal, platformName: windows, proxy: Proxy(), se:cdp: ws://localhost:62558/devtoo..., se:cdpVersion: 150.0.7871.115, setWindowRect: true, strictFileInteractability: false, timeouts: {implicit: 0, pageLoad: 300000, script: 30000}, unhandledPromptBehavior: dismiss and notify, webauthn:extension:credBlob: true, webauthn:extension:largeBlob: true, webauthn:extension:minPinLength: true, webauthn:extension:prf: true, webauthn:virtualAuthenticators: true}
Session ID: 0e6b88a80b130be11a8ec5ff01e5b4ee
at java.base/jdk.internal.reflect.DirectConstructorHandleAccessor.newInstance(DirectConstructorHandleAccessor.java:62)
at java.base/java.lang.reflect.Constructor.newInstanceWithCaller(Constructor.java:499)
at java.base/java.lang.reflect.Constructor.newInstance(Constructor.java:483)
at org.openqa.selenium.remote.ErrorCodec.decode(ErrorCodec.java:167)
at org.openqa.selenium.remote.codec.w3c.W3CHttpResponseCodec.decode(W3CHttpResponseCodec.java:138)
at org.openqa.selenium.remote.codec.w3c.W3CHttpResponseCodec.decode(W3CHttpResponseCodec.java:50)
at org.openqa.selenium.remote.HttpCommandExecutor.execute(HttpCommandExecutor.java:190)
at org.openqa.selenium.remote.service.DriverCommandExecutor.invokeExecute(DriverCommandExecutor.java:216)
at org.openqa.selenium.remote.service.DriverCommandExecutor.execute(DriverCommandExecutor.java:174)
at org.openqa.selenium.remote.RemoteWebDriver.execute(RemoteWebDriver.java:545)
at org.openqa.selenium.remote.ElementLocation$ElementFinder$2.findElement(ElementLocation.java:165)
at org.openqa.selenium.remote.ElementLocation.findElement(ElementLocation.java:59)
at org.openqa.selenium.remote.RemoteWebDriver.findElement(RemoteWebDriver.java:368)
at org.openqa.selenium.remote.RemoteWebDriver.findElement(RemoteWebDriver.java:362)
at org.openqa.selenium.support.pagefactory.DefaultElementLocator.findElement(DefaultElementLocator.java:68)
at org.openqa.selenium.support.pagefactory.internal.LocatingElementHandler.invoke(LocatingElementHandler.java:38)
at jdk.proxy2/jdk.proxy2.$Proxy17.click(Unknown Source)
at Tests.AllTests.OHRM010Test(AllTests.java:195)
at java.base/jdk.internal.reflect.DirectMethodHandleAccessor.invoke(DirectMethodHandleAccessor.java:104)
at java.base/java.lang.reflect.Method.invoke(Method.java:565)
at org.testng.internal.invokers.MethodInvocationHelper.invokeMethod(MethodInvocationHelper.java:141)
at org.testng.internal.invokers.TestInvoker.invokeMethod(TestInvoker.java:686)
at org.testng.internal.invokers.TestInvoker.invokeTestMethod(TestInvoker.java:230)
at org.testng.internal.invokers.MethodRunner.runInSequence(MethodRunner.java:63)
at org.testng.internal.invokers.TestInvoker$MethodInvocationAgent.invoke(TestInvoker.java:992)
at org.testng.internal.invokers.TestInvoker.invokeTestMethods(TestInvoker.java:203)
at org.testng.internal.invokers.TestMethodWorker.invokeTestMethods(TestMethodWorker.java:154)
at org.testng.internal.invokers.TestMethodWorker.run(TestMethodWorker.java:134)
at java.base/java.util.ArrayList.forEach(ArrayList.java:1604)
at org.testng.TestRunner.privateRun(TestRunner.java:739)
at org.testng.TestRunner.run(TestRunner.java:614)
at org.testng.SuiteRunner.runTest(SuiteRunner.java:421)
at org.testng.SuiteRunner.runSequentially(SuiteRunner.java:413)
at org.testng.SuiteRunner.privateRun(SuiteRunner.java:373)
at org.testng.SuiteRunner.run(SuiteRunner.java:312)
at org.testng.SuiteRunnerWorker.runSuite(SuiteRunnerWorker.java:52)
at org.testng.SuiteRunnerWorker.run(SuiteRunnerWorker.java:95)
at org.testng.TestNG.runSuitesSequentially(TestNG.java:1274)
at org.testng.TestNG.runSuitesLocally(TestNG.java:1208)
at org.testng.TestNG.runSuites(TestNG.java:1112)
at org.testng.TestNG.run(TestNG.java:1079)
at org.testng.TestNG.privateMain(TestNG.java:1430)
at org.testng.TestNG.main(TestNG.java:1394)
]]>
            </full-stacktrace>
          </exception> <!-- org.openqa.selenium.NoSuchElementException -->
          <reporter-output>
          </reporter-output>
        </test-method> <!-- OHRM010Test -->
        <test-method is-config="true" signature="tearDown()[pri:0, instance:Tests.AllTests@169e6180]" started-at="2026-07-12T16:48:24 IST" name="tearDown" finished-at="2026-07-12T16:48:24 IST" duration-ms="322" status="PASS">
          <reporter-output>
          </reporter-output>
        </test-method> <!-- tearDown -->
        <test-method is-config="true" signature="setup(org.testng.ITestResult)[pri:0, instance:Tests.AllTests@169e6180]" started-at="2026-07-12T16:48:25 IST" name="setup" finished-at="2026-07-12T16:48:44 IST" duration-ms="19251" status="PASS">
          <params>
            <param index="0">
              <value>
                <![CDATA[[TestResult name={null} status=CREATED method=AllTests.OHRM011Test()[pri:0, instance:Tests.AllTests@169e6180] output={null}]]]>
              </value>
            </param>
          </params>
          <reporter-output>
          </reporter-output>
        </test-method> <!-- setup -->
        <test-method signature="OHRM011Test()[pri:0, instance:Tests.AllTests@169e6180]" started-at="2026-07-12T16:48:44 IST" name="OHRM011Test" finished-at="2026-07-12T16:48:58 IST" duration-ms="14407" status="PASS">
          <reporter-output>
          </reporter-output>
        </test-method> <!-- OHRM011Test -->
        <test-method is-config="true" signature="tearDown()[pri:0, instance:Tests.AllTests@169e6180]" started-at="2026-07-12T16:48:58 IST" name="tearDown" finished-at="2026-07-12T16:48:59 IST" duration-ms="404" status="PASS">
          <reporter-output>
          </reporter-output>
        </test-method> <!-- tearDown -->
        <test-method is-config="true" signature="setup(org.testng.ITestResult)[pri:0, instance:Tests.AllTests@169e6180]" started-at="2026-07-12T16:48:59 IST" name="setup" finished-at="2026-07-12T16:49:07 IST" duration-ms="7914" status="PASS">
          <params>
            <param index="0">
              <value>
                <![CDATA[[TestResult name={null} status=CREATED method=AllTests.OHRM012Test()[pri:0, instance:Tests.AllTests@169e6180] output={null}]]]>
              </value>
            </param>
          </params>
          <reporter-output>
          </reporter-output>
        </test-method> <!-- setup -->
        <test-method signature="OHRM012Test()[pri:0, instance:Tests.AllTests@169e6180]" started-at="2026-07-12T16:49:07 IST" name="OHRM012Test" finished-at="2026-07-12T16:49:17 IST" duration-ms="10249" status="PASS">
          <reporter-output>
          </reporter-output>
        </test-method> <!-- OHRM012Test -->
        <test-method is-config="true" signature="tearDown()[pri:0, instance:Tests.AllTests@169e6180]" started-at="2026-07-12T16:49:17 IST" name="tearDown" finished-at="2026-07-12T16:49:19 IST" duration-ms="1859" status="PASS">
          <reporter-output>
          </reporter-output>
        </test-method> <!-- tearDown -->
      </class> <!-- Tests.AllTests -->
    </test> <!-- Test -->
  </suite> <!-- Suite -->
</testng-results>
